app/build/intermediates/manifest_merge_blame_file/release/processReleaseMainManifest/manifest-merger-blame-release-report.txt
1<?xml version="1.0" encoding="utf-8"?>
2<manifest xmlns:android="http://schemas.android.com/apk/res/android"
3    package="com.cdccreditsmart.app"
4    android:versionCode="1"
5    android:versionName="1.0.0" >
6
7    <uses-sdk
8        android:minSdkVersion="26"
9        android:targetSdkVersion="35" />
10
11    <!-- Essential network permissions -->
12    <uses-permission android:name="android.permission.INTERNET" />
12-->src/main/AndroidManifest.xml:6:5-67
12-->src/main/AndroidManifest.xml:6:22-64
13    <uses-permission android:name="android.permission.ACCESS_NETWORK_STATE" />
13-->src/main/AndroidManifest.xml:7:5-79
13-->src/main/AndroidManifest.xml:7:22-76
14
15    <!-- Read IMEI for device pairing -->
16    <uses-permission android:name="android.permission.READ_PHONE_STATE" />
16-->src/main/AndroidManifest.xml:10:5-75
16-->src/main/AndroidManifest.xml:10:22-72
17
18    <!-- Essential Device Owner permissions -->
19    <uses-permission android:name="android.permission.BIND_DEVICE_ADMIN" />
19-->src/main/AndroidManifest.xml:13:5-76
19-->src/main/AndroidManifest.xml:13:22-73
20    <uses-permission android:name="android.permission.WAKE_LOCK" />
20-->src/main/AndroidManifest.xml:14:5-68
20-->src/main/AndroidManifest.xml:14:22-65
21
22    <!-- Mandatory DPC (Device Policy Controller) permissions -->
23    <uses-permission android:name="android.permission.MANAGE_DEVICE_ADMINS" />
23-->src/main/AndroidManifest.xml:17:5-79
23-->src/main/AndroidManifest.xml:17:22-76
24    <uses-permission android:name="android.permission.MANAGE_PROFILE_AND_DEVICE_OWNERS" />
24-->src/main/AndroidManifest.xml:18:5-91
24-->src/main/AndroidManifest.xml:18:22-88
25    <uses-permission android:name="android.permission.REQUEST_DELETE_PACKAGES" />
25-->src/main/AndroidManifest.xml:19:5-82
25-->src/main/AndroidManifest.xml:19:22-79
26    <uses-permission android:name="android.permission.DISABLE_KEYGUARD" />
26-->src/main/AndroidManifest.xml:20:5-75
26-->src/main/AndroidManifest.xml:20:22-72
27    <uses-permission android:name="android.permission.EXPAND_STATUS_BAR" />
27-->src/main/AndroidManifest.xml:21:5-76
27-->src/main/AndroidManifest.xml:21:22-73
28    <uses-permission android:name="android.permission.BIND_DEVICE_SERVICE" />
28-->src/main/AndroidManifest.xml:22:5-78
28-->src/main/AndroidManifest.xml:22:22-75
29
30    <!-- Background processing -->
31    <uses-permission android:name="android.permission.FOREGROUND_SERVICE" />
31-->src/main/AndroidManifest.xml:25:5-77
31-->src/main/AndroidManifest.xml:25:22-74
32    <uses-permission android:name="android.permission.RECEIVE_BOOT_COMPLETED" />
32-->src/main/AndroidManifest.xml:26:5-81
32-->src/main/AndroidManifest.xml:26:22-78
33
34    <!-- Biometry permissions -->
35    <uses-permission android:name="android.permission.CAMERA" />
35-->src/main/AndroidManifest.xml:29:5-65
35-->src/main/AndroidManifest.xml:29:22-62
36    <uses-permission android:name="android.permission.RECORD_AUDIO" />
36-->src/main/AndroidManifest.xml:30:5-71
36-->src/main/AndroidManifest.xml:30:22-68
37
38    <!-- Camera hardware features -->
39    <uses-feature
39-->src/main/AndroidManifest.xml:33:5-84
40        android:name="android.hardware.camera"
40-->src/main/AndroidManifest.xml:33:19-57
41        android:required="true" />
41-->src/main/AndroidManifest.xml:33:58-81
42    <uses-feature
42-->src/main/AndroidManifest.xml:34:5-90
43        android:name="android.hardware.camera.front"
43-->src/main/AndroidManifest.xml:34:19-63
44        android:required="true" />
44-->src/main/AndroidManifest.xml:34:64-87
45
46    <!-- Firebase Messaging -->
47    <uses-permission android:name="com.google.android.c2dm.permission.RECEIVE" />
47-->src/main/AndroidManifest.xml:37:5-82
47-->src/main/AndroidManifest.xml:37:22-79
48
49    <!-- Android 15: Enhanced security permissions -->
50    <uses-permission android:name="android.permission.POST_NOTIFICATIONS" />
50-->src/main/AndroidManifest.xml:40:5-77
50-->src/main/AndroidManifest.xml:40:22-74
51    <uses-permission android:name="android.permission.SCHEDULE_EXACT_ALARM" />
51-->src/main/AndroidManifest.xml:41:5-79
51-->src/main/AndroidManifest.xml:41:22-76
52    <uses-permission android:name="android.permission.USE_EXACT_ALARM" />
52-->src/main/AndroidManifest.xml:42:5-74
52-->src/main/AndroidManifest.xml:42:22-71
53
54    <!-- Android 15: Enhanced Device Owner permissions for private space compatibility -->
55    <uses-permission android:name="android.permission.MANAGE_USERS" />
55-->src/main/AndroidManifest.xml:45:5-71
55-->src/main/AndroidManifest.xml:45:22-68
56    <uses-permission android:name="android.permission.CREATE_USERS" />
56-->src/main/AndroidManifest.xml:46:5-71
56-->src/main/AndroidManifest.xml:46:22-68
57    <uses-permission android:name="android.permission.QUERY_ALL_PACKAGES" />
57-->src/main/AndroidManifest.xml:47:5-48:53
57-->src/main/AndroidManifest.xml:47:22-74
58
59    <!-- Android 15: Edge-to-edge display support -->
60    <uses-permission android:name="android.permission.SYSTEM_ALERT_WINDOW" />
60-->src/main/AndroidManifest.xml:51:5-78
60-->src/main/AndroidManifest.xml:51:22-75
61    <uses-permission android:name="android.permission.ACCESS_NOTIFICATION_POLICY" />
61-->src/main/AndroidManifest.xml:52:5-85
61-->src/main/AndroidManifest.xml:52:22-82
62
63    <permission
63-->[androidx.core:core:1.13.1] AndroidManifest.xml:22:5-24:47
64        android:name="com.cdccreditsmart.app.DYNAMIC_RECEIVER_NOT_EXPORTED_PERMISSION"
64-->[androidx.core:core:1.13.1] AndroidManifest.xml:23:9-81
65        android:protectionLevel="signature" />
65-->[androidx.core:core:1.13.1] AndroidManifest.xml:24:9-44
66
67    <uses-permission android:name="com.cdccreditsmart.app.DYNAMIC_RECEIVER_NOT_EXPORTED_PERMISSION" />
67-->[androidx.core:core:1.13.1] AndroidManifest.xml:26:5-97
67-->[androidx.core:core:1.13.1] AndroidManifest.xml:26:22-94
68
69    <application
69-->src/main/AndroidManifest.xml:54:5-155:19
70        android:name="com.cdccreditsmart.app.CDCApplication"
70-->src/main/AndroidManifest.xml:55:9-39
71        android:allowBackup="false"
71-->src/main/AndroidManifest.xml:56:9-36
72        android:appComponentFactory="androidx.core.app.CoreComponentFactory"
72-->[androidx.core:core:1.13.1] AndroidManifest.xml:28:18-86
73        android:dataExtractionRules="@xml/data_extraction_rules"
73-->src/main/AndroidManifest.xml:57:9-65
74        android:enableOnBackInvokedCallback="true"
74-->src/main/AndroidManifest.xml:64:9-51
75        android:extractNativeLibs="false"
76        android:fullBackupContent="@xml/backup_rules"
76-->src/main/AndroidManifest.xml:58:9-54
77        android:hardwareAccelerated="true"
77-->src/main/AndroidManifest.xml:62:9-43
78        android:icon="@mipmap/ic_launcher"
78-->src/main/AndroidManifest.xml:59:9-43
79        android:label="@string/app_name"
79-->src/main/AndroidManifest.xml:60:9-41
80        android:largeHeap="true"
80-->src/main/AndroidManifest.xml:63:9-33
81        android:supportsRtl="true"
81-->src/main/AndroidManifest.xml:65:9-35
82        android:theme="@style/Theme.CDCCreditSmart" >
82-->src/main/AndroidManifest.xml:61:9-52
83
84        <!-- Main Activity -->
85        <activity
85-->src/main/AndroidManifest.xml:69:9-81:20
86            android:name="com.cdccreditsmart.app.presentation.MainActivity"
86-->src/main/AndroidManifest.xml:70:13-54
87            android:exported="true"
87-->src/main/AndroidManifest.xml:71:13-36
88            android:launchMode="singleTask"
88-->src/main/AndroidManifest.xml:72:13-44
89            android:screenOrientation="portrait"
89-->src/main/AndroidManifest.xml:73:13-49
90            android:theme="@style/Theme.CDCCreditSmart.Splash" >
90-->src/main/AndroidManifest.xml:74:13-63
91            <intent-filter android:priority="1000" >
91-->src/main/AndroidManifest.xml:75:13-80:29
91-->src/main/AndroidManifest.xml:75:28-51
92                <action android:name="android.intent.action.MAIN" />
92-->src/main/AndroidManifest.xml:76:17-69
92-->src/main/AndroidManifest.xml:76:25-66
93
94                <category android:name="android.intent.category.LAUNCHER" />
94-->src/main/AndroidManifest.xml:77:17-77
94-->src/main/AndroidManifest.xml:77:27-74
95                <category android:name="android.intent.category.HOME" />
95-->src/main/AndroidManifest.xml:78:17-73
95-->src/main/AndroidManifest.xml:78:27-70
96                <category android:name="android.intent.category.DEFAULT" />
96-->src/main/AndroidManifest.xml:79:17-76
96-->src/main/AndroidManifest.xml:79:27-73
97            </intent-filter>
98        </activity>
99
100        <!-- Device Admin Receiver -->
101        <receiver
101-->src/main/AndroidManifest.xml:84:9-97:20
102            android:name="com.cdccreditsmart.device.CDCDeviceAdminReceiver"
102-->src/main/AndroidManifest.xml:85:13-76
103            android:exported="true"
103-->src/main/AndroidManifest.xml:86:13-36
104            android:permission="android.permission.BIND_DEVICE_ADMIN" >
104-->src/main/AndroidManifest.xml:87:13-70
105            <meta-data
105-->src/main/AndroidManifest.xml:88:13-90:56
106                android:name="android.app.device_admin"
106-->src/main/AndroidManifest.xml:89:17-56
107                android:resource="@xml/device_admin" />
107-->src/main/AndroidManifest.xml:90:17-53
108
109            <intent-filter>
109-->src/main/AndroidManifest.xml:91:13-96:29
110                <action android:name="android.app.action.DEVICE_ADMIN_ENABLED" />
110-->src/main/AndroidManifest.xml:92:17-82
110-->src/main/AndroidManifest.xml:92:25-79
111                <action android:name="android.app.action.DEVICE_ADMIN_DISABLED" />
111-->src/main/AndroidManifest.xml:93:17-83
111-->src/main/AndroidManifest.xml:93:25-80
112                <action android:name="android.app.action.DEVICE_ADMIN_DISABLE_REQUESTED" />
112-->src/main/AndroidManifest.xml:94:17-92
112-->src/main/AndroidManifest.xml:94:25-89
113                <action android:name="android.intent.action.BOOT_COMPLETED" />
113-->src/main/AndroidManifest.xml:95:17-79
113-->src/main/AndroidManifest.xml:95:25-76
114            </intent-filter>
115        </receiver>
116
117        <!-- DEBUG: Provisioning Debug Receiver (remove in production) -->
118        <receiver
118-->src/main/AndroidManifest.xml:100:9-108:20
119            android:name="com.cdccreditsmart.device.ProvisioningDebugReceiver"
119-->src/main/AndroidManifest.xml:101:13-79
120            android:enabled="true"
120-->src/main/AndroidManifest.xml:103:13-35
121            android:exported="true" >
121-->src/main/AndroidManifest.xml:102:13-36
122            <intent-filter android:priority="1000" >
122-->src/main/AndroidManifest.xml:104:13-107:29
122-->src/main/AndroidManifest.xml:104:28-51
123                <action android:name="android.app.action.DEVICE_ADMIN_ENABLED" />
123-->src/main/AndroidManifest.xml:92:17-82
123-->src/main/AndroidManifest.xml:92:25-79
124                <action android:name="android.app.action.DEVICE_ADMIN_DISABLED" />
124-->src/main/AndroidManifest.xml:93:17-83
124-->src/main/AndroidManifest.xml:93:25-80
125            </intent-filter>
126        </receiver>
127
128        <!-- Android 12+ Required Activities for Device Owner Provisioning -->
129        <activity
129-->src/main/AndroidManifest.xml:111:9-119:20
130            android:name="com.cdccreditsmart.app.presentation.admin.ProvisioningModeActivity"
130-->src/main/AndroidManifest.xml:112:13-72
131            android:exported="true"
131-->src/main/AndroidManifest.xml:113:13-36
132            android:permission="android.permission.BIND_DEVICE_ADMIN" >
132-->src/main/AndroidManifest.xml:114:13-70
133            <intent-filter>
133-->src/main/AndroidManifest.xml:115:13-118:29
134                <action android:name="android.app.action.GET_PROVISIONING_MODE" />
134-->src/main/AndroidManifest.xml:116:17-83
134-->src/main/AndroidManifest.xml:116:25-80
135
136                <category android:name="android.intent.category.DEFAULT" />
136-->src/main/AndroidManifest.xml:79:17-76
136-->src/main/AndroidManifest.xml:79:27-73
137            </intent-filter>
138        </activity>
139        <activity
139-->src/main/AndroidManifest.xml:121:9-129:20
140            android:name="com.cdccreditsmart.app.presentation.admin.AdminPolicyComplianceActivity"
140-->src/main/AndroidManifest.xml:122:13-77
141            android:exported="true"
141-->src/main/AndroidManifest.xml:123:13-36
142            android:permission="android.permission.BIND_DEVICE_ADMIN" >
142-->src/main/AndroidManifest.xml:124:13-70
143            <intent-filter>
143-->src/main/AndroidManifest.xml:125:13-128:29
144                <action android:name="android.app.action.ADMIN_POLICY_COMPLIANCE" />
144-->src/main/AndroidManifest.xml:126:17-85
144-->src/main/AndroidManifest.xml:126:25-82
145
146                <category android:name="android.intent.category.DEFAULT" />
146-->src/main/AndroidManifest.xml:79:17-76
146-->src/main/AndroidManifest.xml:79:27-73
147            </intent-filter>
148        </activity>
149
150        <!-- Critical ProvisioningActivity for Device Owner QR code provisioning -->
151        <activity
151-->src/main/AndroidManifest.xml:132:9-142:20
152            android:name="com.cdccreditsmart.app.presentation.admin.ProvisioningActivity"
152-->src/main/AndroidManifest.xml:133:13-68
153            android:exported="true"
153-->src/main/AndroidManifest.xml:134:13-36
154            android:permission="android.permission.BIND_DEVICE_ADMIN" >
154-->src/main/AndroidManifest.xml:135:13-70
155            <intent-filter android:priority="1000" >
155-->src/main/AndroidManifest.xml:136:13-141:29
155-->src/main/AndroidManifest.xml:136:28-51
156                <action android:name="android.app.action.PROVISION_MANAGED_DEVICE" />
156-->src/main/AndroidManifest.xml:137:17-86
156-->src/main/AndroidManifest.xml:137:25-83
157                <action android:name="android.app.action.PROVISION_MANAGED_PROFILE" />
157-->src/main/AndroidManifest.xml:138:17-87
157-->src/main/AndroidManifest.xml:138:25-84
158                <action android:name="android.app.action.PROVISIONING_STATE_CHANGED" />
158-->src/main/AndroidManifest.xml:139:17-88
158-->src/main/AndroidManifest.xml:139:25-85
159
160                <category android:name="android.intent.category.DEFAULT" />
160-->src/main/AndroidManifest.xml:79:17-76
160-->src/main/AndroidManifest.xml:79:27-73
161            </intent-filter>
162        </activity>
163
164        <!-- File provider for sharing documents -->
165        <provider
166            android:name="androidx.core.content.FileProvider"
166-->src/main/AndroidManifest.xml:146:13-62
167            android:authorities="com.cdccreditsmart.app.fileprovider"
167-->src/main/AndroidManifest.xml:147:13-64
168            android:exported="false"
168-->src/main/AndroidManifest.xml:148:13-37
169            android:grantUriPermissions="true" >
169-->src/main/AndroidManifest.xml:149:13-47
170            <meta-data
170-->src/main/AndroidManifest.xml:150:13-152:54
171                android:name="android.support.FILE_PROVIDER_PATHS"
171-->src/main/AndroidManifest.xml:151:17-67
172                android:resource="@xml/file_paths" />
172-->src/main/AndroidManifest.xml:152:17-51
173        </provider>
174        <provider
174-->[androidx.emoji2:emoji2:1.3.0] AndroidManifest.xml:24:9-32:20
175            android:name="androidx.startup.InitializationProvider"
175-->[androidx.emoji2:emoji2:1.3.0] AndroidManifest.xml:25:13-67
176            android:authorities="com.cdccreditsmart.app.androidx-startup"
176-->[androidx.emoji2:emoji2:1.3.0] AndroidManifest.xml:26:13-68
177            android:exported="false" >
177-->[androidx.emoji2:emoji2:1.3.0] AndroidManifest.xml:27:13-37
178            <meta-data
178-->[androidx.emoji2:emoji2:1.3.0] AndroidManifest.xml:29:13-31:52
179                android:name="androidx.emoji2.text.EmojiCompatInitializer"
179-->[androidx.emoji2:emoji2:1.3.0] AndroidManifest.xml:30:17-75
180                android:value="androidx.startup" />
180-->[androidx.emoji2:emoji2:1.3.0] AndroidManifest.xml:31:17-49
181            <meta-data
181-->[androidx.lifecycle:lifecycle-process:2.8.6] AndroidManifest.xml:29:13-31:52
182                android:name="androidx.lifecycle.ProcessLifecycleInitializer"
182-->[androidx.lifecycle:lifecycle-process:2.8.6] AndroidManifest.xml:30:17-78
183                android:value="androidx.startup" />
183-->[androidx.lifecycle:lifecycle-process:2.8.6] AndroidManifest.xml:31:17-49
184            <meta-data
184-->[androidx.profileinstaller:profileinstaller:1.3.1] AndroidManifest.xml:29:13-31:52
185                android:name="androidx.profileinstaller.ProfileInstallerInitializer"
185-->[androidx.profileinstaller:profileinstaller:1.3.1] AndroidManifest.xml:30:17-85
186                android:value="androidx.startup" />
186-->[androidx.profileinstaller:profileinstaller:1.3.1] AndroidManifest.xml:31:17-49
187        </provider>
188
189        <receiver
189-->[androidx.profileinstaller:profileinstaller:1.3.1] AndroidManifest.xml:34:9-52:20
190            android:name="androidx.profileinstaller.ProfileInstallReceiver"
190-->[androidx.profileinstaller:profileinstaller:1.3.1] AndroidManifest.xml:35:13-76
191            android:directBootAware="false"
191-->[androidx.profileinstaller:profileinstaller:1.3.1] AndroidManifest.xml:36:13-44
192            android:enabled="true"
192-->[androidx.profileinstaller:profileinstaller:1.3.1] AndroidManifest.xml:37:13-35
193            android:exported="true"
193-->[androidx.profileinstaller:profileinstaller:1.3.1] AndroidManifest.xml:38:13-36
194            android:permission="android.permission.DUMP" >
194-->[androidx.profileinstaller:profileinstaller:1.3.1] AndroidManifest.xml:39:13-57
195            <intent-filter>
195-->[androidx.profileinstaller:profileinstaller:1.3.1] AndroidManifest.xml:40:13-42:29
196                <action android:name="androidx.profileinstaller.action.INSTALL_PROFILE" />
196-->[androidx.profileinstaller:profileinstaller:1.3.1] AndroidManifest.xml:41:17-91
196-->[androidx.profileinstaller:profileinstaller:1.3.1] AndroidManifest.xml:41:25-88
197            </intent-filter>
198            <intent-filter>
198-->[androidx.profileinstaller:profileinstaller:1.3.1] AndroidManifest.xml:43:13-45:29
199                <action android:name="androidx.profileinstaller.action.SKIP_FILE" />
199-->[androidx.profileinstaller:profileinstaller:1.3.1] AndroidManifest.xml:44:17-85
199-->[androidx.profileinstaller:profileinstaller:1.3.1] AndroidManifest.xml:44:25-82
200            </intent-filter>
201            <intent-filter>
201-->[androidx.profileinstaller:profileinstaller:1.3.1] AndroidManifest.xml:46:13-48:29
202                <action android:name="androidx.profileinstaller.action.SAVE_PROFILE" />
202-->[androidx.profileinstaller:profileinstaller:1.3.1] AndroidManifest.xml:47:17-88
202-->[androidx.profileinstaller:profileinstaller:1.3.1] AndroidManifest.xml:47:25-85
203            </intent-filter>
204            <intent-filter>
204-->[androidx.profileinstaller:profileinstaller:1.3.1] AndroidManifest.xml:49:13-51:29
205                <action android:name="androidx.profileinstaller.action.BENCHMARK_OPERATION" />
205-->[androidx.profileinstaller:profileinstaller:1.3.1] AndroidManifest.xml:50:17-95
205-->[androidx.profileinstaller:profileinstaller:1.3.1] AndroidManifest.xml:50:25-92
206            </intent-filter>
207        </receiver>
208    </application>
209
210</manifest>